c0c98ea2-fc21-4124-ab96-c519cdbc582f -70
ffe01111-1111-1111-0000-000000000000 -80
c0c98ea2-fc21-4124-ab96-c519cdbc582f -68
ffe01111-1111-1111-0000-000000000000 -85
c0c98ea2-fc21-4124-ab96-c519cdbc582f -59
ffe01111-1111-1111-0000-000000000000 -78
c0c98ea2-fc21-4124-ab96-c519cdbc582f -58
ffe01111-1111-1111-0000-000000000000 -78
c0c98ea2-fc21-4124-ab96-c519cdbc582f -67
ffe01111-1111-1111-0000-000000000000 -82
c0c98ea2-fc21-4124-ab96-c519cdbc582f -60
c0c98ea2-fc21-4124-ab96-c519cdbc582f -63
ffe01111-1111-1111-0000-000000000000 -79
c0c98ea2-fc21-4124-ab96-c519cdbc582f -63
ffe01111-1111-1111-0000-000000000000 -81
c0c98ea2-fc21-4124-ab96-c519cdbc582f -64
ffe01111-1111-1111-0000-000000000000 -80
c0c98ea2-fc21-4124-ab96-c519cdbc582f -66
ffe01111-1111-1111-0000-000000000000 -81
c0c98ea2-fc21-4124-ab96-c519cdbc582f -64
ffe01111-1111-1111-0000-000000000000 -80
c0c98ea2-fc21-4124-ab96-c519cdbc582f -67
ffe01111-1111-1111-0000-000000000000 -79
c0c98ea2-fc21-4124-ab96-c519cdbc582f -69
c0c98ea2-fc21-4124-ab96-c519cdbc582f -64
ffe01111-1111-1111-0000-000000000000 -81
c0c98ea2-fc21-4124-ab96-c519cdbc582f -69
ffe01111-1111-1111-0000-000000000000 -85
c0c98ea2-fc21-4124-ab96-c519cdbc582f -70
ffe01111-1111-1111-0000-000000000000 -80
c0c98ea2-fc21-4124-ab96-c519cdbc582f -59
ffe01111-1111-1111-0000-000000000000 -77
c0c98ea2-fc21-4124-ab96-c519cdbc582f -59
ffe01111-1111-1111-0000-000000000000 -81
c0c98ea2-fc21-4124-ab96-c519cdbc582f -58
ffe01111-1111-1111-0000-000000000000 -84
c0c98ea2-fc21-4124-ab96-c519cdbc582f -63
ffe01111-1111-1111-0000-000000000000 -79
c0c98ea2-fc21-4124-ab96-c519cdbc582f -70
ffe01111-1111-1111-0000-000000000000 -82
c0c98ea2-fc21-4124-ab96-c519cdbc582f -64
ffe01111-1111-1111-0000-000000000000 -82
c0c98ea2-fc21-4124-ab96-c519cdbc582f -59
ffe01111-1111-1111-0000-000000000000 -84
c0c98ea2-fc21-4124-ab96-c519cdbc582f -62
ffe01111-1111-1111-0000-000000000000 -80
c0c98ea2-fc21-4124-ab96-c519cdbc582f -62
ffe01111-1111-1111-0000-000000000000 -78
c0c98ea2-fc21-4124-ab96-c519cdbc582f -62
ffe01111-1111-1111-0000-000000000000 -85
c0c98ea2-fc21-4124-ab96-c519cdbc582f -58
ffe01111-1111-1111-0000-000000000000 -82
c0c98ea2-fc21-4124-ab96-c519cdbc582f -67
ffe01111-1111-1111-0000-000000000000 -80
c0c98ea2-fc21-4124-ab96-c519cdbc582f -63
ffe01111-1111-1111-0000-000000000000 -79
c0c98ea2-fc21-4124-ab96-c519cdbc582f -64
ffe01111-1111-1111-0000-000000000000 -82
c0c98ea2-fc21-4124-ab96-c519cdbc582f -70
ffe01111-1111-1111-0000-000000000000 -80
c0c98ea2-fc21-4124-ab96-c519cdbc582f -59
ffe01111-1111-1111-0000-000000000000 -81
c0c98ea2-fc21-4124-ab96-c519cdbc582f -67
ffe01111-1111-1111-0000-000000000000 -79
c0c98ea2-fc21-4124-ab96-c519cdbc582f -60
c0c98ea2-fc21-4124-ab96-c519cdbc582f -67
c0c98ea2-fc21-4124-ab96-c519cdbc582f -67
c0c98ea2-fc21-4124-ab96-c519cdbc582f -70
ffe01111-1111-1111-0000-000000000000 -81
c0c98ea2-fc21-4124-ab96-c519cdbc582f -63
ffe01111-1111-1111-0000-000000000000 -81
c0c98ea2-fc21-4124-ab96-c519cdbc582f -60
ffe01111-1111-1111-0000-000000000000 -91
c0c98ea2-fc21-4124-ab96-c519cdbc582f -62
ffe01111-1111-1111-0000-000000000000 -79
c0c98ea2-fc21-4124-ab96-c519cdbc582f -72
ffe01111-1111-1111-0000-000000000000 -89
c0c98ea2-fc21-4124-ab96-c519cdbc582f -64
ffe01111-1111-1111-0000-000000000000 -83
c0c98ea2-fc21-4124-ab96-c519cdbc582f -63
ffe01111-1111-1111-0000-000000000000 -81
c0c98ea2-fc21-4124-ab96-c519cdbc582f -60
ffe01111-1111-1111-0000-000000000000 -78
c0c98ea2-fc21-4124-ab96-c519cdbc582f -70
ffe01111-1111-1111-0000-000000000000 -80
c0c98ea2-fc21-4124-ab96-c519cdbc582f -63
ffe01111-1111-1111-0000-000000000000 -89
c0c98ea2-fc21-4124-ab96-c519cdbc582f -73
ffe01111-1111-1111-0000-000000000000 -79
c0c98ea2-fc21-4124-ab96-c519cdbc582f -64
ffe01111-1111-1111-0000-000000000000 -88
c0c98ea2-fc21-4124-ab96-c519cdbc582f -70
c0c98ea2-fc21-4124-ab96-c519cdbc582f -77
ffe01111-1111-1111-0000-000000000000 -77
average: -64.64
