c0c98ea2-fc21-4124-ab96-c519cdbc582f -62
ffe01111-1111-1111-0000-000000000000 -83
c0c98ea2-fc21-4124-ab96-c519cdbc582f -67
ffe01111-1111-1111-0000-000000000000 -83
c0c98ea2-fc21-4124-ab96-c519cdbc582f -60
ffe01111-1111-1111-0000-000000000000 -83
c0c98ea2-fc21-4124-ab96-c519cdbc582f -69
c0c98ea2-fc21-4124-ab96-c519cdbc582f -66
ffe01111-1111-1111-0000-000000000000 -77
c0c98ea2-fc21-4124-ab96-c519cdbc582f -67
ffe01111-1111-1111-0000-000000000000 -92
c0c98ea2-fc21-4124-ab96-c519cdbc582f -67
ffe01111-1111-1111-0000-000000000000 -78
c0c98ea2-fc21-4124-ab96-c519cdbc582f -67
ffe01111-1111-1111-0000-000000000000 -81
c0c98ea2-fc21-4124-ab96-c519cdbc582f -67
ffe01111-1111-1111-0000-000000000000 -89
c0c98ea2-fc21-4124-ab96-c519cdbc582f -67
ffe01111-1111-1111-0000-000000000000 -76
c0c98ea2-fc21-4124-ab96-c519cdbc582f -68
ffe01111-1111-1111-0000-000000000000 -80
c0c98ea2-fc21-4124-ab96-c519cdbc582f -63
ffe01111-1111-1111-0000-000000000000 -77
c0c98ea2-fc21-4124-ab96-c519cdbc582f -67
ffe01111-1111-1111-0000-000000000000 -82
c0c98ea2-fc21-4124-ab96-c519cdbc582f -63
c0c98ea2-fc21-4124-ab96-c519cdbc582f -66
ffe01111-1111-1111-0000-000000000000 -80
c0c98ea2-fc21-4124-ab96-c519cdbc582f -62
ffe01111-1111-1111-0000-000000000000 -82
c0c98ea2-fc21-4124-ab96-c519cdbc582f -69
ffe01111-1111-1111-0000-000000000000 -80
c0c98ea2-fc21-4124-ab96-c519cdbc582f -62
ffe01111-1111-1111-0000-000000000000 -87
c0c98ea2-fc21-4124-ab96-c519cdbc582f -64
ffe01111-1111-1111-0000-000000000000 -80
c0c98ea2-fc21-4124-ab96-c519cdbc582f -62
ffe01111-1111-1111-0000-000000000000 -79
c0c98ea2-fc21-4124-ab96-c519cdbc582f -68
ffe01111-1111-1111-0000-000000000000 -78
c0c98ea2-fc21-4124-ab96-c519cdbc582f -69
ffe01111-1111-1111-0000-000000000000 -77
c0c98ea2-fc21-4124-ab96-c519cdbc582f -67
ffe01111-1111-1111-0000-000000000000 -79
c0c98ea2-fc21-4124-ab96-c519cdbc582f -63
ffe01111-1111-1111-0000-000000000000 -80
c0c98ea2-fc21-4124-ab96-c519cdbc582f -68
ffe01111-1111-1111-0000-000000000000 -81
c0c98ea2-fc21-4124-ab96-c519cdbc582f -69
ffe01111-1111-1111-0000-000000000000 -81
c0c98ea2-fc21-4124-ab96-c519cdbc582f -69
ffe01111-1111-1111-0000-000000000000 -78
c0c98ea2-fc21-4124-ab96-c519cdbc582f -67
ffe01111-1111-1111-0000-000000000000 -79
c0c98ea2-fc21-4124-ab96-c519cdbc582f -68
ffe01111-1111-1111-0000-000000000000 -77
c0c98ea2-fc21-4124-ab96-c519cdbc582f -68
ffe01111-1111-1111-0000-000000000000 -79
c0c98ea2-fc21-4124-ab96-c519cdbc582f -68
ffe01111-1111-1111-0000-000000000000 -81
c0c98ea2-fc21-4124-ab96-c519cdbc582f -62
ffe01111-1111-1111-0000-000000000000 -79
c0c98ea2-fc21-4124-ab96-c519cdbc582f -68
ffe01111-1111-1111-0000-000000000000 -82
c0c98ea2-fc21-4124-ab96-c519cdbc582f -62
ffe01111-1111-1111-0000-000000000000 -79
c0c98ea2-fc21-4124-ab96-c519cdbc582f -62
ffe01111-1111-1111-0000-000000000000 -67
c0c98ea2-fc21-4124-ab96-c519cdbc582f -46
ffe01111-1111-1111-0000-000000000000 -80
c0c98ea2-fc21-4124-ab96-c519cdbc582f -67
c0c98ea2-fc21-4124-ab96-c519cdbc582f -67
ffe01111-1111-1111-0000-000000000000 -80
ffe01111-1111-1111-0000-000000000000 -79
c0c98ea2-fc21-4124-ab96-c519cdbc582f -63
c0c98ea2-fc21-4124-ab96-c519cdbc582f -67
ffe01111-1111-1111-0000-000000000000 -80
c0c98ea2-fc21-4124-ab96-c519cdbc582f -70
ffe01111-1111-1111-0000-000000000000 -81
c0c98ea2-fc21-4124-ab96-c519cdbc582f -63
ffe01111-1111-1111-0000-000000000000 -79
c0c98ea2-fc21-4124-ab96-c519cdbc582f -63
ffe01111-1111-1111-0000-000000000000 -78
c0c98ea2-fc21-4124-ab96-c519cdbc582f -70
ffe01111-1111-1111-0000-000000000000 -81
c0c98ea2-fc21-4124-ab96-c519cdbc582f -62
ffe01111-1111-1111-0000-000000000000 -80
c0c98ea2-fc21-4124-ab96-c519cdbc582f -62
ffe01111-1111-1111-0000-000000000000 -79
c0c98ea2-fc21-4124-ab96-c519cdbc582f -68
ffe01111-1111-1111-0000-000000000000 -82
c0c98ea2-fc21-4124-ab96-c519cdbc582f -62
ffe01111-1111-1111-0000-000000000000 -83
c0c98ea2-fc21-4124-ab96-c519cdbc582f -62
ffe01111-1111-1111-0000-000000000000 -79
c0c98ea2-fc21-4124-ab96-c519cdbc582f -61
ffe01111-1111-1111-0000-000000000000 -79
average: -65.12
