4a3df336-e13d-432c-9b54-c985d984813b -34
4a3df336-e13d-432c-9b54-c985d984813b -34
4a3df336-e13d-432c-9b54-c985d984813b -34
4a3df336-e13d-432c-9b54-c985d984813b -34
4a3df336-e13d-432c-9b54-c985d984813b -34
4a3df336-e13d-432c-9b54-c985d984813b -34
4a3df336-e13d-432c-9b54-c985d984813b -34
4a3df336-e13d-432c-9b54-c985d984813b -34
4a3df336-e13d-432c-9b54-c985d984813b -34
4a3df336-e13d-432c-9b54-c985d984813b -34
4a3df336-e13d-432c-9b54-c985d984813b -34
4a3df336-e13d-432c-9b54-c985d984813b -34
4a3df336-e13d-432c-9b54-c985d984813b -34
4a3df336-e13d-432c-9b54-c985d984813b -26
4a3df336-e13d-432c-9b54-c985d984813b -31
4a3df336-e13d-432c-9b54-c985d984813b -34
4a3df336-e13d-432c-9b54-c985d984813b -34
4a3df336-e13d-432c-9b54-c985d984813b -34
4a3df336-e13d-432c-9b54-c985d984813b -34
4a3df336-e13d-432c-9b54-c985d984813b -34
4a3df336-e13d-432c-9b54-c985d984813b -34
4a3df336-e13d-432c-9b54-c985d984813b -31
4a3df336-e13d-432c-9b54-c985d984813b -34
4a3df336-e13d-432c-9b54-c985d984813b -34
4a3df336-e13d-432c-9b54-c985d984813b -34
4a3df336-e13d-432c-9b54-c985d984813b -34
4a3df336-e13d-432c-9b54-c985d984813b -34
4a3df336-e13d-432c-9b54-c985d984813b -34
4a3df336-e13d-432c-9b54-c985d984813b -34
4a3df336-e13d-432c-9b54-c985d984813b -34
4a3df336-e13d-432c-9b54-c985d984813b -31
4a3df336-e13d-432c-9b54-c985d984813b -34
4a3df336-e13d-432c-9b54-c985d984813b -34
4a3df336-e13d-432c-9b54-c985d984813b -34
4a3df336-e13d-432c-9b54-c985d984813b -34
4a3df336-e13d-432c-9b54-c985d984813b -34
4a3df336-e13d-432c-9b54-c985d984813b -34
4a3df336-e13d-432c-9b54-c985d984813b -34
4a3df336-e13d-432c-9b54-c985d984813b -34
4a3df336-e13d-432c-9b54-c985d984813b -34
4a3df336-e13d-432c-9b54-c985d984813b -34
4a3df336-e13d-432c-9b54-c985d984813b -34
4a3df336-e13d-432c-9b54-c985d984813b -34
4a3df336-e13d-432c-9b54-c985d984813b -34
4a3df336-e13d-432c-9b54-c985d984813b -34
4a3df336-e13d-432c-9b54-c985d984813b -34
4a3df336-e13d-432c-9b54-c985d984813b -34
4a3df336-e13d-432c-9b54-c985d984813b -34
4a3df336-e13d-432c-9b54-c985d984813b -34
4a3df336-e13d-432c-9b54-c985d984813b -34
average: -33.66
