4a3df336-e13d-432c-9b54-c985d984813b -57
4a3df336-e13d-432c-9b54-c985d984813b -59
4a3df336-e13d-432c-9b54-c985d984813b -56
4a3df336-e13d-432c-9b54-c985d984813b -58
4a3df336-e13d-432c-9b54-c985d984813b -61
4a3df336-e13d-432c-9b54-c985d984813b -63
4a3df336-e13d-432c-9b54-c985d984813b -56
4a3df336-e13d-432c-9b54-c985d984813b -56
4a3df336-e13d-432c-9b54-c985d984813b -42
4a3df336-e13d-432c-9b54-c985d984813b -65
4a3df336-e13d-432c-9b54-c985d984813b -65
4a3df336-e13d-432c-9b54-c985d984813b -58
4a3df336-e13d-432c-9b54-c985d984813b -58
4a3df336-e13d-432c-9b54-c985d984813b -59
4a3df336-e13d-432c-9b54-c985d984813b -59
4a3df336-e13d-432c-9b54-c985d984813b -60
4a3df336-e13d-432c-9b54-c985d984813b -61
4a3df336-e13d-432c-9b54-c985d984813b -61
4a3df336-e13d-432c-9b54-c985d984813b -61
4a3df336-e13d-432c-9b54-c985d984813b -61
4a3df336-e13d-432c-9b54-c985d984813b -59
4a3df336-e13d-432c-9b54-c985d984813b -49
4a3df336-e13d-432c-9b54-c985d984813b -59
4a3df336-e13d-432c-9b54-c985d984813b -57
4a3df336-e13d-432c-9b54-c985d984813b -58
4a3df336-e13d-432c-9b54-c985d984813b -59
4a3df336-e13d-432c-9b54-c985d984813b -58
4a3df336-e13d-432c-9b54-c985d984813b -57
4a3df336-e13d-432c-9b54-c985d984813b -65
4a3df336-e13d-432c-9b54-c985d984813b -59
4a3df336-e13d-432c-9b54-c985d984813b -59
4a3df336-e13d-432c-9b54-c985d984813b -66
4a3df336-e13d-432c-9b54-c985d984813b -63
4a3df336-e13d-432c-9b54-c985d984813b -56
4a3df336-e13d-432c-9b54-c985d984813b -60
4a3df336-e13d-432c-9b54-c985d984813b -65
4a3df336-e13d-432c-9b54-c985d984813b -65
4a3df336-e13d-432c-9b54-c985d984813b -61
4a3df336-e13d-432c-9b54-c985d984813b -58
4a3df336-e13d-432c-9b54-c985d984813b -61
4a3df336-e13d-432c-9b54-c985d984813b -62
4a3df336-e13d-432c-9b54-c985d984813b -61
4a3df336-e13d-432c-9b54-c985d984813b -60
4a3df336-e13d-432c-9b54-c985d984813b -59
4a3df336-e13d-432c-9b54-c985d984813b -61
4a3df336-e13d-432c-9b54-c985d984813b -60
4a3df336-e13d-432c-9b54-c985d984813b -62
4a3df336-e13d-432c-9b54-c985d984813b -61
4a3df336-e13d-432c-9b54-c985d984813b -59
4a3df336-e13d-432c-9b54-c985d984813b -62
average: -59.54
