4a3df336-e13d-432c-9b54-c985d984813b -56
4a3df336-e13d-432c-9b54-c985d984813b -56
4a3df336-e13d-432c-9b54-c985d984813b -54
4a3df336-e13d-432c-9b54-c985d984813b -55
4a3df336-e13d-432c-9b54-c985d984813b -56
4a3df336-e13d-432c-9b54-c985d984813b -55
4a3df336-e13d-432c-9b54-c985d984813b -56
4a3df336-e13d-432c-9b54-c985d984813b -55
4a3df336-e13d-432c-9b54-c985d984813b -54
4a3df336-e13d-432c-9b54-c985d984813b -59
4a3df336-e13d-432c-9b54-c985d984813b -60
4a3df336-e13d-432c-9b54-c985d984813b -56
4a3df336-e13d-432c-9b54-c985d984813b -55
4a3df336-e13d-432c-9b54-c985d984813b -54
4a3df336-e13d-432c-9b54-c985d984813b -54
4a3df336-e13d-432c-9b54-c985d984813b -57
4a3df336-e13d-432c-9b54-c985d984813b -47
4a3df336-e13d-432c-9b54-c985d984813b -55
4a3df336-e13d-432c-9b54-c985d984813b -57
4a3df336-e13d-432c-9b54-c985d984813b -56
4a3df336-e13d-432c-9b54-c985d984813b -55
4a3df336-e13d-432c-9b54-c985d984813b -55
4a3df336-e13d-432c-9b54-c985d984813b -61
4a3df336-e13d-432c-9b54-c985d984813b -55
4a3df336-e13d-432c-9b54-c985d984813b -57
4a3df336-e13d-432c-9b54-c985d984813b -57
4a3df336-e13d-432c-9b54-c985d984813b -56
4a3df336-e13d-432c-9b54-c985d984813b -55
4a3df336-e13d-432c-9b54-c985d984813b -55
4a3df336-e13d-432c-9b54-c985d984813b -55
4a3df336-e13d-432c-9b54-c985d984813b -56
4a3df336-e13d-432c-9b54-c985d984813b -46
4a3df336-e13d-432c-9b54-c985d984813b -53
4a3df336-e13d-432c-9b54-c985d984813b -53
4a3df336-e13d-432c-9b54-c985d984813b -54
4a3df336-e13d-432c-9b54-c985d984813b -57
4a3df336-e13d-432c-9b54-c985d984813b -57
4a3df336-e13d-432c-9b54-c985d984813b -54
4a3df336-e13d-432c-9b54-c985d984813b -53
4a3df336-e13d-432c-9b54-c985d984813b -56
4a3df336-e13d-432c-9b54-c985d984813b -59
4a3df336-e13d-432c-9b54-c985d984813b -53
4a3df336-e13d-432c-9b54-c985d984813b -57
4a3df336-e13d-432c-9b54-c985d984813b -54
4a3df336-e13d-432c-9b54-c985d984813b -56
4a3df336-e13d-432c-9b54-c985d984813b -58
4a3df336-e13d-432c-9b54-c985d984813b -58
4a3df336-e13d-432c-9b54-c985d984813b -54
4a3df336-e13d-432c-9b54-c985d984813b -54
4a3df336-e13d-432c-9b54-c985d984813b -52
average: -55.24
