4a3df336-e13d-432c-9b54-c985d984813b -52
4a3df336-e13d-432c-9b54-c985d984813b -55
4a3df336-e13d-432c-9b54-c985d984813b -63
4a3df336-e13d-432c-9b54-c985d984813b -63
4a3df336-e13d-432c-9b54-c985d984813b -62
4a3df336-e13d-432c-9b54-c985d984813b -62
4a3df336-e13d-432c-9b54-c985d984813b -59
4a3df336-e13d-432c-9b54-c985d984813b -56
4a3df336-e13d-432c-9b54-c985d984813b -63
4a3df336-e13d-432c-9b54-c985d984813b -58
4a3df336-e13d-432c-9b54-c985d984813b -73
4a3df336-e13d-432c-9b54-c985d984813b -70
4a3df336-e13d-432c-9b54-c985d984813b -59
4a3df336-e13d-432c-9b54-c985d984813b -68
4a3df336-e13d-432c-9b54-c985d984813b -68
4a3df336-e13d-432c-9b54-c985d984813b -69
4a3df336-e13d-432c-9b54-c985d984813b -68
4a3df336-e13d-432c-9b54-c985d984813b -69
4a3df336-e13d-432c-9b54-c985d984813b -63
4a3df336-e13d-432c-9b54-c985d984813b -66
4a3df336-e13d-432c-9b54-c985d984813b -58
4a3df336-e13d-432c-9b54-c985d984813b -57
4a3df336-e13d-432c-9b54-c985d984813b -64
4a3df336-e13d-432c-9b54-c985d984813b -65
4a3df336-e13d-432c-9b54-c985d984813b -68
4a3df336-e13d-432c-9b54-c985d984813b -59
4a3df336-e13d-432c-9b54-c985d984813b -56
4a3df336-e13d-432c-9b54-c985d984813b -67
4a3df336-e13d-432c-9b54-c985d984813b -67
4a3df336-e13d-432c-9b54-c985d984813b -67
4a3df336-e13d-432c-9b54-c985d984813b -67
4a3df336-e13d-432c-9b54-c985d984813b -67
4a3df336-e13d-432c-9b54-c985d984813b -66
4a3df336-e13d-432c-9b54-c985d984813b -71
4a3df336-e13d-432c-9b54-c985d984813b -70
4a3df336-e13d-432c-9b54-c985d984813b -73
4a3df336-e13d-432c-9b54-c985d984813b -67
4a3df336-e13d-432c-9b54-c985d984813b -66
4a3df336-e13d-432c-9b54-c985d984813b -57
4a3df336-e13d-432c-9b54-c985d984813b -69
4a3df336-e13d-432c-9b54-c985d984813b -58
4a3df336-e13d-432c-9b54-c985d984813b -64
4a3df336-e13d-432c-9b54-c985d984813b -65
4a3df336-e13d-432c-9b54-c985d984813b -58
4a3df336-e13d-432c-9b54-c985d984813b -67
4a3df336-e13d-432c-9b54-c985d984813b -68
4a3df336-e13d-432c-9b54-c985d984813b -68
4a3df336-e13d-432c-9b54-c985d984813b -71
4a3df336-e13d-432c-9b54-c985d984813b -67
4a3df336-e13d-432c-9b54-c985d984813b -67
average: -64.4
