4a3df336-e13d-432c-9b54-c985d984813b -52
4a3df336-e13d-432c-9b54-c985d984813b -34
4a3df336-e13d-432c-9b54-c985d984813b -44
4a3df336-e13d-432c-9b54-c985d984813b -34
4a3df336-e13d-432c-9b54-c985d984813b -44
4a3df336-e13d-432c-9b54-c985d984813b -47
4a3df336-e13d-432c-9b54-c985d984813b -48
4a3df336-e13d-432c-9b54-c985d984813b -48
4a3df336-e13d-432c-9b54-c985d984813b -47
4a3df336-e13d-432c-9b54-c985d984813b -45
4a3df336-e13d-432c-9b54-c985d984813b -46
4a3df336-e13d-432c-9b54-c985d984813b -45
4a3df336-e13d-432c-9b54-c985d984813b -51
4a3df336-e13d-432c-9b54-c985d984813b -51
4a3df336-e13d-432c-9b54-c985d984813b -44
4a3df336-e13d-432c-9b54-c985d984813b -50
4a3df336-e13d-432c-9b54-c985d984813b -47
4a3df336-e13d-432c-9b54-c985d984813b -46
4a3df336-e13d-432c-9b54-c985d984813b -43
4a3df336-e13d-432c-9b54-c985d984813b -45
4a3df336-e13d-432c-9b54-c985d984813b -52
4a3df336-e13d-432c-9b54-c985d984813b -44
4a3df336-e13d-432c-9b54-c985d984813b -36
4a3df336-e13d-432c-9b54-c985d984813b -47
4a3df336-e13d-432c-9b54-c985d984813b -44
4a3df336-e13d-432c-9b54-c985d984813b -43
4a3df336-e13d-432c-9b54-c985d984813b -44
4a3df336-e13d-432c-9b54-c985d984813b -43
4a3df336-e13d-432c-9b54-c985d984813b -52
4a3df336-e13d-432c-9b54-c985d984813b -47
4a3df336-e13d-432c-9b54-c985d984813b -42
4a3df336-e13d-432c-9b54-c985d984813b -52
4a3df336-e13d-432c-9b54-c985d984813b -46
4a3df336-e13d-432c-9b54-c985d984813b -44
4a3df336-e13d-432c-9b54-c985d984813b -49
4a3df336-e13d-432c-9b54-c985d984813b -51
4a3df336-e13d-432c-9b54-c985d984813b -48
4a3df336-e13d-432c-9b54-c985d984813b -44
4a3df336-e13d-432c-9b54-c985d984813b -53
4a3df336-e13d-432c-9b54-c985d984813b -46
4a3df336-e13d-432c-9b54-c985d984813b -41
4a3df336-e13d-432c-9b54-c985d984813b -44
4a3df336-e13d-432c-9b54-c985d984813b -44
4a3df336-e13d-432c-9b54-c985d984813b -43
4a3df336-e13d-432c-9b54-c985d984813b -52
4a3df336-e13d-432c-9b54-c985d984813b -52
4a3df336-e13d-432c-9b54-c985d984813b -44
4a3df336-e13d-432c-9b54-c985d984813b -36
4a3df336-e13d-432c-9b54-c985d984813b -47
4a3df336-e13d-432c-9b54-c985d984813b -55
average: -45.92
