c0c98ea2-fc21-4124-ab96-c519cdbc582f -55
ffe01111-1111-1111-0000-000000000000 -77
c0c98ea2-fc21-4124-ab96-c519cdbc582f -58
ffe01111-1111-1111-0000-000000000000 -85
c0c98ea2-fc21-4124-ab96-c519cdbc582f -70
c0c98ea2-fc21-4124-ab96-c519cdbc582f -65
c0c98ea2-fc21-4124-ab96-c519cdbc582f -65
ffe01111-1111-1111-0000-000000000000 -78
c0c98ea2-fc21-4124-ab96-c519cdbc582f -66
ffe01111-1111-1111-0000-000000000000 -79
c0c98ea2-fc21-4124-ab96-c519cdbc582f -59
ffe01111-1111-1111-0000-000000000000 -86
c0c98ea2-fc21-4124-ab96-c519cdbc582f -58
ffe01111-1111-1111-0000-000000000000 -86
c0c98ea2-fc21-4124-ab96-c519cdbc582f -57
ffe01111-1111-1111-0000-000000000000 -87
c0c98ea2-fc21-4124-ab96-c519cdbc582f -56
ffe01111-1111-1111-0000-000000000000 -79
c0c98ea2-fc21-4124-ab96-c519cdbc582f -56
ffe01111-1111-1111-0000-000000000000 -88
c0c98ea2-fc21-4124-ab96-c519cdbc582f -56
ffe01111-1111-1111-0000-000000000000 -78
c0c98ea2-fc21-4124-ab96-c519cdbc582f -62
ffe01111-1111-1111-0000-000000000000 -87
c0c98ea2-fc21-4124-ab96-c519cdbc582f -58
ffe01111-1111-1111-0000-000000000000 -78
c0c98ea2-fc21-4124-ab96-c519cdbc582f -59
ffe01111-1111-1111-0000-000000000000 -78
c0c98ea2-fc21-4124-ab96-c519cdbc582f -56
ffe01111-1111-1111-0000-000000000000 -79
c0c98ea2-fc21-4124-ab96-c519cdbc582f -57
ffe01111-1111-1111-0000-000000000000 -78
c0c98ea2-fc21-4124-ab96-c519cdbc582f -62
c0c98ea2-fc21-4124-ab96-c519cdbc582f -60
ffe01111-1111-1111-0000-000000000000 -88
c0c98ea2-fc21-4124-ab96-c519cdbc582f -70
c0c98ea2-fc21-4124-ab96-c519cdbc582f -57
ffe01111-1111-1111-0000-000000000000 -77
c0c98ea2-fc21-4124-ab96-c519cdbc582f -62
c0c98ea2-fc21-4124-ab96-c519cdbc582f -59
ffe01111-1111-1111-0000-000000000000 -88
c0c98ea2-fc21-4124-ab96-c519cdbc582f -57
ffe01111-1111-1111-0000-000000000000 -76
ffe01111-1111-1111-0000-000000000000 -76
c0c98ea2-fc21-4124-ab96-c519cdbc582f -57
c0c98ea2-fc21-4124-ab96-c519cdbc582f -62
ffe01111-1111-1111-0000-000000000000 -82
c0c98ea2-fc21-4124-ab96-c519cdbc582f -58
ffe01111-1111-1111-0000-000000000000 -75
c0c98ea2-fc21-4124-ab96-c519cdbc582f -58
ffe01111-1111-1111-0000-000000000000 -77
c0c98ea2-fc21-4124-ab96-c519cdbc582f -58
ffe01111-1111-1111-0000-000000000000 -86
c0c98ea2-fc21-4124-ab96-c519cdbc582f -64
ffe01111-1111-1111-0000-000000000000 -77
c0c98ea2-fc21-4124-ab96-c519cdbc582f -57
ffe01111-1111-1111-0000-000000000000 -86
c0c98ea2-fc21-4124-ab96-c519cdbc582f -62
ffe01111-1111-1111-0000-000000000000 -78
c0c98ea2-fc21-4124-ab96-c519cdbc582f -57
ffe01111-1111-1111-0000-000000000000 -87
c0c98ea2-fc21-4124-ab96-c519cdbc582f -56
ffe01111-1111-1111-0000-000000000000 -83
c0c98ea2-fc21-4124-ab96-c519cdbc582f -60
ffe01111-1111-1111-0000-000000000000 -80
c0c98ea2-fc21-4124-ab96-c519cdbc582f -56
ffe01111-1111-1111-0000-000000000000 -80
c0c98ea2-fc21-4124-ab96-c519cdbc582f -61
ffe01111-1111-1111-0000-000000000000 -79
c0c98ea2-fc21-4124-ab96-c519cdbc582f -59
c0c98ea2-fc21-4124-ab96-c519cdbc582f -56
ffe01111-1111-1111-0000-000000000000 -87
c0c98ea2-fc21-4124-ab96-c519cdbc582f -75
ffe01111-1111-1111-0000-000000000000 -87
c0c98ea2-fc21-4124-ab96-c519cdbc582f -59
ffe01111-1111-1111-0000-000000000000 -88
c0c98ea2-fc21-4124-ab96-c519cdbc582f -58
ffe01111-1111-1111-0000-000000000000 -76
c0c98ea2-fc21-4124-ab96-c519cdbc582f -58
ffe01111-1111-1111-0000-000000000000 -78
c0c98ea2-fc21-4124-ab96-c519cdbc582f -54
c0c98ea2-fc21-4124-ab96-c519cdbc582f -56
ffe01111-1111-1111-0000-000000000000 -87
c0c98ea2-fc21-4124-ab96-c519cdbc582f -60
ffe01111-1111-1111-0000-000000000000 -89
c0c98ea2-fc21-4124-ab96-c519cdbc582f -62
ffe01111-1111-1111-0000-000000000000 -76
c0c98ea2-fc21-4124-ab96-c519cdbc582f -59
ffe01111-1111-1111-0000-000000000000 -77
c0c98ea2-fc21-4124-ab96-c519cdbc582f -64
ffe01111-1111-1111-0000-000000000000 -88
c0c98ea2-fc21-4124-ab96-c519cdbc582f -61
ffe01111-1111-1111-0000-000000000000 -76
average: -59.74
