c0c98ea2-fc21-4124-ab96-c519cdbc582f -64
ffe01111-1111-1111-0000-000000000000 -80
c0c98ea2-fc21-4124-ab96-c519cdbc582f -62
ffe01111-1111-1111-0000-000000000000 -65
c0c98ea2-fc21-4124-ab96-c519cdbc582f -73
ffe01111-1111-1111-0000-000000000000 -79
c0c98ea2-fc21-4124-ab96-c519cdbc582f -81
c0c98ea2-fc21-4124-ab96-c519cdbc582f -65
ffe01111-1111-1111-0000-000000000000 -76
c0c98ea2-fc21-4124-ab96-c519cdbc582f -80
ffe01111-1111-1111-0000-000000000000 -76
c0c98ea2-fc21-4124-ab96-c519cdbc582f -69
ffe01111-1111-1111-0000-000000000000 -77
c0c98ea2-fc21-4124-ab96-c519cdbc582f -62
c0c98ea2-fc21-4124-ab96-c519cdbc582f -62
ffe01111-1111-1111-0000-000000000000 -77
c0c98ea2-fc21-4124-ab96-c519cdbc582f -73
ffe01111-1111-1111-0000-000000000000 -90
c0c98ea2-fc21-4124-ab96-c519cdbc582f -61
ffe01111-1111-1111-0000-000000000000 -78
c0c98ea2-fc21-4124-ab96-c519cdbc582f -69
ffe01111-1111-1111-0000-000000000000 -79
c0c98ea2-fc21-4124-ab96-c519cdbc582f -64
c0c98ea2-fc21-4124-ab96-c519cdbc582f -67
ffe01111-1111-1111-0000-000000000000 -78
c0c98ea2-fc21-4124-ab96-c519cdbc582f -68
ffe01111-1111-1111-0000-000000000000 -78
c0c98ea2-fc21-4124-ab96-c519cdbc582f -64
ffe01111-1111-1111-0000-000000000000 -80
c0c98ea2-fc21-4124-ab96-c519cdbc582f -67
ffe01111-1111-1111-0000-000000000000 -79
c0c98ea2-fc21-4124-ab96-c519cdbc582f -61
ffe01111-1111-1111-0000-000000000000 -77
c0c98ea2-fc21-4124-ab96-c519cdbc582f -60
c0c98ea2-fc21-4124-ab96-c519cdbc582f -74
ffe01111-1111-1111-0000-000000000000 -78
c0c98ea2-fc21-4124-ab96-c519cdbc582f -78
ffe01111-1111-1111-0000-000000000000 -77
c0c98ea2-fc21-4124-ab96-c519cdbc582f -63
ffe01111-1111-1111-0000-000000000000 -79
c0c98ea2-fc21-4124-ab96-c519cdbc582f -76
c0c98ea2-fc21-4124-ab96-c519cdbc582f -76
ffe01111-1111-1111-0000-000000000000 -78
c0c98ea2-fc21-4124-ab96-c519cdbc582f -77
ffe01111-1111-1111-0000-000000000000 -80
c0c98ea2-fc21-4124-ab96-c519cdbc582f -63
c0c98ea2-fc21-4124-ab96-c519cdbc582f -66
ffe01111-1111-1111-0000-000000000000 -86
c0c98ea2-fc21-4124-ab96-c519cdbc582f -63
ffe01111-1111-1111-0000-000000000000 -79
c0c98ea2-fc21-4124-ab96-c519cdbc582f -61
ffe01111-1111-1111-0000-000000000000 -77
c0c98ea2-fc21-4124-ab96-c519cdbc582f -63
ffe01111-1111-1111-0000-000000000000 -80
c0c98ea2-fc21-4124-ab96-c519cdbc582f -62
ffe01111-1111-1111-0000-000000000000 -79
c0c98ea2-fc21-4124-ab96-c519cdbc582f -65
ffe01111-1111-1111-0000-000000000000 -79
c0c98ea2-fc21-4124-ab96-c519cdbc582f -61
ffe01111-1111-1111-0000-000000000000 -82
c0c98ea2-fc21-4124-ab96-c519cdbc582f -73
ffe01111-1111-1111-0000-000000000000 -79
c0c98ea2-fc21-4124-ab96-c519cdbc582f -63
ffe01111-1111-1111-0000-000000000000 -78
c0c98ea2-fc21-4124-ab96-c519cdbc582f -75
ffe01111-1111-1111-0000-000000000000 -79
c0c98ea2-fc21-4124-ab96-c519cdbc582f -67
ffe01111-1111-1111-0000-000000000000 -80
c0c98ea2-fc21-4124-ab96-c519cdbc582f -61
ffe01111-1111-1111-0000-000000000000 -83
c0c98ea2-fc21-4124-ab96-c519cdbc582f -66
c0c98ea2-fc21-4124-ab96-c519cdbc582f -67
ffe01111-1111-1111-0000-000000000000 -88
c0c98ea2-fc21-4124-ab96-c519cdbc582f -62
c0c98ea2-fc21-4124-ab96-c519cdbc582f -68
ffe01111-1111-1111-0000-000000000000 -78
c0c98ea2-fc21-4124-ab96-c519cdbc582f -69
ffe01111-1111-1111-0000-000000000000 -79
c0c98ea2-fc21-4124-ab96-c519cdbc582f -65
ffe01111-1111-1111-0000-000000000000 -77
c0c98ea2-fc21-4124-ab96-c519cdbc582f -65
ffe01111-1111-1111-0000-000000000000 -79
c0c98ea2-fc21-4124-ab96-c519cdbc582f -69
ffe01111-1111-1111-0000-000000000000 -79
c0c98ea2-fc21-4124-ab96-c519cdbc582f -61
c0c98ea2-fc21-4124-ab96-c519cdbc582f -69
ffe01111-1111-1111-0000-000000000000 -78
c0c98ea2-fc21-4124-ab96-c519cdbc582f -65
ffe01111-1111-1111-0000-000000000000 -78
c0c98ea2-fc21-4124-ab96-c519cdbc582f -65
ffe01111-1111-1111-0000-000000000000 -78
average: -67.0
