6cdf66a2-0573-4f16-ab00-7f784ea85f69 -64
ffe01111-1111-1111-0000-000000000000 -79
6cdf66a2-0573-4f16-ab00-7f784ea85f69 -63
ffe01111-1111-1111-0000-000000000000 -81
6cdf66a2-0573-4f16-ab00-7f784ea85f69 -66
ffe01111-1111-1111-0000-000000000000 -80
6cdf66a2-0573-4f16-ab00-7f784ea85f69 -62
ffe01111-1111-1111-0000-000000000000 -84
6cdf66a2-0573-4f16-ab00-7f784ea85f69 -61
ffe01111-1111-1111-0000-000000000000 -80
6cdf66a2-0573-4f16-ab00-7f784ea85f69 -61
ffe01111-1111-1111-0000-000000000000 -81
6cdf66a2-0573-4f16-ab00-7f784ea85f69 -71
ffe01111-1111-1111-0000-000000000000 -83
6cdf66a2-0573-4f16-ab00-7f784ea85f69 -61
ffe01111-1111-1111-0000-000000000000 -79
6cdf66a2-0573-4f16-ab00-7f784ea85f69 -59
ffe01111-1111-1111-0000-000000000000 -83
6cdf66a2-0573-4f16-ab00-7f784ea85f69 -65
ffe01111-1111-1111-0000-000000000000 -81
6cdf66a2-0573-4f16-ab00-7f784ea85f69 -66
ffe01111-1111-1111-0000-000000000000 -79
6cdf66a2-0573-4f16-ab00-7f784ea85f69 -66
ffe01111-1111-1111-0000-000000000000 -83
6cdf66a2-0573-4f16-ab00-7f784ea85f69 -73
ffe01111-1111-1111-0000-000000000000 -80
6cdf66a2-0573-4f16-ab00-7f784ea85f69 -71
6cdf66a2-0573-4f16-ab00-7f784ea85f69 -79
ffe01111-1111-1111-0000-000000000000 -80
6cdf66a2-0573-4f16-ab00-7f784ea85f69 -68
ffe01111-1111-1111-0000-000000000000 -79
6cdf66a2-0573-4f16-ab00-7f784ea85f69 -61
ffe01111-1111-1111-0000-000000000000 -79
6cdf66a2-0573-4f16-ab00-7f784ea85f69 -61
ffe01111-1111-1111-0000-000000000000 -79
6cdf66a2-0573-4f16-ab00-7f784ea85f69 -61
ffe01111-1111-1111-0000-000000000000 -81
6cdf66a2-0573-4f16-ab00-7f784ea85f69 -62
ffe01111-1111-1111-0000-000000000000 -81
6cdf66a2-0573-4f16-ab00-7f784ea85f69 -63
ffe01111-1111-1111-0000-000000000000 -80
6cdf66a2-0573-4f16-ab00-7f784ea85f69 -63
ffe01111-1111-1111-0000-000000000000 -85
6cdf66a2-0573-4f16-ab00-7f784ea85f69 -67
ffe01111-1111-1111-0000-000000000000 -79
6cdf66a2-0573-4f16-ab00-7f784ea85f69 -70
ffe01111-1111-1111-0000-000000000000 -82
6cdf66a2-0573-4f16-ab00-7f784ea85f69 -70
ffe01111-1111-1111-0000-000000000000 -80
6cdf66a2-0573-4f16-ab00-7f784ea85f69 -61
ffe01111-1111-1111-0000-000000000000 -80
6cdf66a2-0573-4f16-ab00-7f784ea85f69 -66
ffe01111-1111-1111-0000-000000000000 -80
6cdf66a2-0573-4f16-ab00-7f784ea85f69 -69
ffe01111-1111-1111-0000-000000000000 -82
6cdf66a2-0573-4f16-ab00-7f784ea85f69 -61
ffe01111-1111-1111-0000-000000000000 -81
6cdf66a2-0573-4f16-ab00-7f784ea85f69 -65
ffe01111-1111-1111-0000-000000000000 -78
6cdf66a2-0573-4f16-ab00-7f784ea85f69 -62
ffe01111-1111-1111-0000-000000000000 -82
ffe01111-1111-1111-0000-000000000000 -83
6cdf66a2-0573-4f16-ab00-7f784ea85f69 -58
6cdf66a2-0573-4f16-ab00-7f784ea85f69 -72
ffe01111-1111-1111-0000-000000000000 -79
6cdf66a2-0573-4f16-ab00-7f784ea85f69 -68
ffe01111-1111-1111-0000-000000000000 -80
6cdf66a2-0573-4f16-ab00-7f784ea85f69 -58
ffe01111-1111-1111-0000-000000000000 -83
6cdf66a2-0573-4f16-ab00-7f784ea85f69 -71
ffe01111-1111-1111-0000-000000000000 -82
6cdf66a2-0573-4f16-ab00-7f784ea85f69 -73
ffe01111-1111-1111-0000-000000000000 -81
6cdf66a2-0573-4f16-ab00-7f784ea85f69 -59
ffe01111-1111-1111-0000-000000000000 -78
6cdf66a2-0573-4f16-ab00-7f784ea85f69 -67
ffe01111-1111-1111-0000-000000000000 -78
6cdf66a2-0573-4f16-ab00-7f784ea85f69 -68
ffe01111-1111-1111-0000-000000000000 -81
6cdf66a2-0573-4f16-ab00-7f784ea85f69 -68
6cdf66a2-0573-4f16-ab00-7f784ea85f69 -71
6cdf66a2-0573-4f16-ab00-7f784ea85f69 -64
6cdf66a2-0573-4f16-ab00-7f784ea85f69 -69
ffe01111-1111-1111-0000-000000000000 -83
6cdf66a2-0573-4f16-ab00-7f784ea85f69 -75
ffe01111-1111-1111-0000-000000000000 -80
6cdf66a2-0573-4f16-ab00-7f784ea85f69 -59
ffe01111-1111-1111-0000-000000000000 -80
6cdf66a2-0573-4f16-ab00-7f784ea85f69 -57
ffe01111-1111-1111-0000-000000000000 -80
6cdf66a2-0573-4f16-ab00-7f784ea85f69 -57
ffe01111-1111-1111-0000-000000000000 -83
6cdf66a2-0573-4f16-ab00-7f784ea85f69 -63
ffe01111-1111-1111-0000-000000000000 -79
ffe01111-1111-1111-0000-000000000000 -83
6cdf66a2-0573-4f16-ab00-7f784ea85f69 -57
average: -65.04
