6cdf66a2-0573-4f16-ab00-7f784ea85f69 -67
ffe01111-1111-1111-0000-000000000000 -79
6cdf66a2-0573-4f16-ab00-7f784ea85f69 -70
ffe01111-1111-1111-0000-000000000000 -80
6cdf66a2-0573-4f16-ab00-7f784ea85f69 -70
6cdf66a2-0573-4f16-ab00-7f784ea85f69 -67
6cdf66a2-0573-4f16-ab00-7f784ea85f69 -69
ffe01111-1111-1111-0000-000000000000 -82
6cdf66a2-0573-4f16-ab00-7f784ea85f69 -70
ffe01111-1111-1111-0000-000000000000 -83
6cdf66a2-0573-4f16-ab00-7f784ea85f69 -67
ffe01111-1111-1111-0000-000000000000 -77
6cdf66a2-0573-4f16-ab00-7f784ea85f69 -67
ffe01111-1111-1111-0000-000000000000 -78
6cdf66a2-0573-4f16-ab00-7f784ea85f69 -67
ffe01111-1111-1111-0000-000000000000 -82
6cdf66a2-0573-4f16-ab00-7f784ea85f69 -67
ffe01111-1111-1111-0000-000000000000 -81
6cdf66a2-0573-4f16-ab00-7f784ea85f69 -69
ffe01111-1111-1111-0000-000000000000 -80
6cdf66a2-0573-4f16-ab00-7f784ea85f69 -68
ffe01111-1111-1111-0000-000000000000 -80
6cdf66a2-0573-4f16-ab00-7f784ea85f69 -72
ffe01111-1111-1111-0000-000000000000 -78
6cdf66a2-0573-4f16-ab00-7f784ea85f69 -68
ffe01111-1111-1111-0000-000000000000 -80
6cdf66a2-0573-4f16-ab00-7f784ea85f69 -82
ffe01111-1111-1111-0000-000000000000 -78
6cdf66a2-0573-4f16-ab00-7f784ea85f69 -67
ffe01111-1111-1111-0000-000000000000 -82
6cdf66a2-0573-4f16-ab00-7f784ea85f69 -67
ffe01111-1111-1111-0000-000000000000 -82
6cdf66a2-0573-4f16-ab00-7f784ea85f69 -67
ffe01111-1111-1111-0000-000000000000 -81
6cdf66a2-0573-4f16-ab00-7f784ea85f69 -77
ffe01111-1111-1111-0000-000000000000 -79
6cdf66a2-0573-4f16-ab00-7f784ea85f69 -76
ffe01111-1111-1111-0000-000000000000 -81
6cdf66a2-0573-4f16-ab00-7f784ea85f69 -83
ffe01111-1111-1111-0000-000000000000 -81
6cdf66a2-0573-4f16-ab00-7f784ea85f69 -77
ffe01111-1111-1111-0000-000000000000 -79
6cdf66a2-0573-4f16-ab00-7f784ea85f69 -78
ffe01111-1111-1111-0000-000000000000 -80
6cdf66a2-0573-4f16-ab00-7f784ea85f69 -76
ffe01111-1111-1111-0000-000000000000 -80
6cdf66a2-0573-4f16-ab00-7f784ea85f69 -68
ffe01111-1111-1111-0000-000000000000 -80
6cdf66a2-0573-4f16-ab00-7f784ea85f69 -77
ffe01111-1111-1111-0000-000000000000 -80
6cdf66a2-0573-4f16-ab00-7f784ea85f69 -67
ffe01111-1111-1111-0000-000000000000 -79
6cdf66a2-0573-4f16-ab00-7f784ea85f69 -68
ffe01111-1111-1111-0000-000000000000 -81
6cdf66a2-0573-4f16-ab00-7f784ea85f69 -79
ffe01111-1111-1111-0000-000000000000 -81
6cdf66a2-0573-4f16-ab00-7f784ea85f69 -74
ffe01111-1111-1111-0000-000000000000 -80
6cdf66a2-0573-4f16-ab00-7f784ea85f69 -80
ffe01111-1111-1111-0000-000000000000 -82
6cdf66a2-0573-4f16-ab00-7f784ea85f69 -75
ffe01111-1111-1111-0000-000000000000 -81
6cdf66a2-0573-4f16-ab00-7f784ea85f69 -85
ffe01111-1111-1111-0000-000000000000 -80
6cdf66a2-0573-4f16-ab00-7f784ea85f69 -82
6cdf66a2-0573-4f16-ab00-7f784ea85f69 -91
ffe01111-1111-1111-0000-000000000000 -79
6cdf66a2-0573-4f16-ab00-7f784ea85f69 -82
ffe01111-1111-1111-0000-000000000000 -79
6cdf66a2-0573-4f16-ab00-7f784ea85f69 -68
ffe01111-1111-1111-0000-000000000000 -80
6cdf66a2-0573-4f16-ab00-7f784ea85f69 -68
ffe01111-1111-1111-0000-000000000000 -79
6cdf66a2-0573-4f16-ab00-7f784ea85f69 -67
ffe01111-1111-1111-0000-000000000000 -81
6cdf66a2-0573-4f16-ab00-7f784ea85f69 -66
ffe01111-1111-1111-0000-000000000000 -82
6cdf66a2-0573-4f16-ab00-7f784ea85f69 -80
ffe01111-1111-1111-0000-000000000000 -78
6cdf66a2-0573-4f16-ab00-7f784ea85f69 -75
ffe01111-1111-1111-0000-000000000000 -79
6cdf66a2-0573-4f16-ab00-7f784ea85f69 -75
ffe01111-1111-1111-0000-000000000000 -81
6cdf66a2-0573-4f16-ab00-7f784ea85f69 -83
ffe01111-1111-1111-0000-000000000000 -80
6cdf66a2-0573-4f16-ab00-7f784ea85f69 -82
ffe01111-1111-1111-0000-000000000000 -80
ffe01111-1111-1111-0000-000000000000 -81
6cdf66a2-0573-4f16-ab00-7f784ea85f69 -78
6cdf66a2-0573-4f16-ab00-7f784ea85f69 -76
6cdf66a2-0573-4f16-ab00-7f784ea85f69 -68
ffe01111-1111-1111-0000-000000000000 -80
6cdf66a2-0573-4f16-ab00-7f784ea85f69 -77
6cdf66a2-0573-4f16-ab00-7f784ea85f69 -75
ffe01111-1111-1111-0000-000000000000 -80
average: -73.48
