6cdf66a2-0573-4f16-ab00-7f784ea85f69 -66
ffe01111-1111-1111-0000-000000000000 -79
6cdf66a2-0573-4f16-ab00-7f784ea85f69 -68
ffe01111-1111-1111-0000-000000000000 -82
6cdf66a2-0573-4f16-ab00-7f784ea85f69 -67
ffe01111-1111-1111-0000-000000000000 -78
ffe01111-1111-1111-0000-000000000000 -80
6cdf66a2-0573-4f16-ab00-7f784ea85f69 -66
6cdf66a2-0573-4f16-ab00-7f784ea85f69 -64
ffe01111-1111-1111-0000-000000000000 -80
6cdf66a2-0573-4f16-ab00-7f784ea85f69 -71
ffe01111-1111-1111-0000-000000000000 -80
6cdf66a2-0573-4f16-ab00-7f784ea85f69 -66
ffe01111-1111-1111-0000-000000000000 -83
6cdf66a2-0573-4f16-ab00-7f784ea85f69 -70
ffe01111-1111-1111-0000-000000000000 -79
6cdf66a2-0573-4f16-ab00-7f784ea85f69 -69
ffe01111-1111-1111-0000-000000000000 -79
6cdf66a2-0573-4f16-ab00-7f784ea85f69 -68
ffe01111-1111-1111-0000-000000000000 -84
6cdf66a2-0573-4f16-ab00-7f784ea85f69 -71
ffe01111-1111-1111-0000-000000000000 -83
6cdf66a2-0573-4f16-ab00-7f784ea85f69 -71
ffe01111-1111-1111-0000-000000000000 -80
6cdf66a2-0573-4f16-ab00-7f784ea85f69 -66
ffe01111-1111-1111-0000-000000000000 -84
6cdf66a2-0573-4f16-ab00-7f784ea85f69 -65
ffe01111-1111-1111-0000-000000000000 -82
6cdf66a2-0573-4f16-ab00-7f784ea85f69 -67
ffe01111-1111-1111-0000-000000000000 -80
6cdf66a2-0573-4f16-ab00-7f784ea85f69 -64
ffe01111-1111-1111-0000-000000000000 -81
6cdf66a2-0573-4f16-ab00-7f784ea85f69 -68
ffe01111-1111-1111-0000-000000000000 -89
6cdf66a2-0573-4f16-ab00-7f784ea85f69 -67
ffe01111-1111-1111-0000-000000000000 -82
6cdf66a2-0573-4f16-ab00-7f784ea85f69 -72
6cdf66a2-0573-4f16-ab00-7f784ea85f69 -68
ffe01111-1111-1111-0000-000000000000 -84
6cdf66a2-0573-4f16-ab00-7f784ea85f69 -72
ffe01111-1111-1111-0000-000000000000 -81
6cdf66a2-0573-4f16-ab00-7f784ea85f69 -65
ffe01111-1111-1111-0000-000000000000 -82
6cdf66a2-0573-4f16-ab00-7f784ea85f69 -67
ffe01111-1111-1111-0000-000000000000 -82
6cdf66a2-0573-4f16-ab00-7f784ea85f69 -68
ffe01111-1111-1111-0000-000000000000 -79
6cdf66a2-0573-4f16-ab00-7f784ea85f69 -69
ffe01111-1111-1111-0000-000000000000 -83
6cdf66a2-0573-4f16-ab00-7f784ea85f69 -70
ffe01111-1111-1111-0000-000000000000 -94
6cdf66a2-0573-4f16-ab00-7f784ea85f69 -70
ffe01111-1111-1111-0000-000000000000 -80
6cdf66a2-0573-4f16-ab00-7f784ea85f69 -69
ffe01111-1111-1111-0000-000000000000 -81
6cdf66a2-0573-4f16-ab00-7f784ea85f69 -66
ffe01111-1111-1111-0000-000000000000 -81
6cdf66a2-0573-4f16-ab00-7f784ea85f69 -66
ffe01111-1111-1111-0000-000000000000 -80
6cdf66a2-0573-4f16-ab00-7f784ea85f69 -67
ffe01111-1111-1111-0000-000000000000 -79
6cdf66a2-0573-4f16-ab00-7f784ea85f69 -66
ffe01111-1111-1111-0000-000000000000 -77
6cdf66a2-0573-4f16-ab00-7f784ea85f69 -66
ffe01111-1111-1111-0000-000000000000 -80
6cdf66a2-0573-4f16-ab00-7f784ea85f69 -66
ffe01111-1111-1111-0000-000000000000 -80
6cdf66a2-0573-4f16-ab00-7f784ea85f69 -67
ffe01111-1111-1111-0000-000000000000 -80
6cdf66a2-0573-4f16-ab00-7f784ea85f69 -67
ffe01111-1111-1111-0000-000000000000 -81
6cdf66a2-0573-4f16-ab00-7f784ea85f69 -66
ffe01111-1111-1111-0000-000000000000 -81
6cdf66a2-0573-4f16-ab00-7f784ea85f69 -70
ffe01111-1111-1111-0000-000000000000 -80
6cdf66a2-0573-4f16-ab00-7f784ea85f69 -67
ffe01111-1111-1111-0000-000000000000 -80
6cdf66a2-0573-4f16-ab00-7f784ea85f69 -70
ffe01111-1111-1111-0000-000000000000 -80
ffe01111-1111-1111-0000-000000000000 -81
6cdf66a2-0573-4f16-ab00-7f784ea85f69 -67
ffe01111-1111-1111-0000-000000000000 -80
6cdf66a2-0573-4f16-ab00-7f784ea85f69 -67
6cdf66a2-0573-4f16-ab00-7f784ea85f69 -58
ffe01111-1111-1111-0000-000000000000 -80
6cdf66a2-0573-4f16-ab00-7f784ea85f69 -66
ffe01111-1111-1111-0000-000000000000 -80
6cdf66a2-0573-4f16-ab00-7f784ea85f69 -69
6cdf66a2-0573-4f16-ab00-7f784ea85f69 -68
ffe01111-1111-1111-0000-000000000000 -80
6cdf66a2-0573-4f16-ab00-7f784ea85f69 -68
ffe01111-1111-1111-0000-000000000000 -81
6cdf66a2-0573-4f16-ab00-7f784ea85f69 -65
ffe01111-1111-1111-0000-000000000000 -83
6cdf66a2-0573-4f16-ab00-7f784ea85f69 -66
ffe01111-1111-1111-0000-000000000000 -80
6cdf66a2-0573-4f16-ab00-7f784ea85f69 -67
ffe01111-1111-1111-0000-000000000000 -85
average: -67.38
