c0c98ea2-fc21-4124-ab96-c519cdbc582f -54
ffe01111-1111-1111-0000-000000000000 -77
c0c98ea2-fc21-4124-ab96-c519cdbc582f -54
ffe01111-1111-1111-0000-000000000000 -90
c0c98ea2-fc21-4124-ab96-c519cdbc582f -56
ffe01111-1111-1111-0000-000000000000 -92
c0c98ea2-fc21-4124-ab96-c519cdbc582f -52
ffe01111-1111-1111-0000-000000000000 -87
c0c98ea2-fc21-4124-ab96-c519cdbc582f -52
ffe01111-1111-1111-0000-000000000000 -78
c0c98ea2-fc21-4124-ab96-c519cdbc582f -52
ffe01111-1111-1111-0000-000000000000 -87
c0c98ea2-fc21-4124-ab96-c519cdbc582f -51
c0c98ea2-fc21-4124-ab96-c519cdbc582f -57
ffe01111-1111-1111-0000-000000000000 -78
c0c98ea2-fc21-4124-ab96-c519cdbc582f -53
ffe01111-1111-1111-0000-000000000000 -86
c0c98ea2-fc21-4124-ab96-c519cdbc582f -56
ffe01111-1111-1111-0000-000000000000 -86
c0c98ea2-fc21-4124-ab96-c519cdbc582f -55
ffe01111-1111-1111-0000-000000000000 -81
c0c98ea2-fc21-4124-ab96-c519cdbc582f -54
ffe01111-1111-1111-0000-000000000000 -85
c0c98ea2-fc21-4124-ab96-c519cdbc582f -51
ffe01111-1111-1111-0000-000000000000 -79
c0c98ea2-fc21-4124-ab96-c519cdbc582f -54
ffe01111-1111-1111-0000-000000000000 -89
c0c98ea2-fc21-4124-ab96-c519cdbc582f -53
ffe01111-1111-1111-0000-000000000000 -78
c0c98ea2-fc21-4124-ab96-c519cdbc582f -53
ffe01111-1111-1111-0000-000000000000 -78
c0c98ea2-fc21-4124-ab96-c519cdbc582f -55
ffe01111-1111-1111-0000-000000000000 -89
c0c98ea2-fc21-4124-ab96-c519cdbc582f -51
ffe01111-1111-1111-0000-000000000000 -88
c0c98ea2-fc21-4124-ab96-c519cdbc582f -54
c0c98ea2-fc21-4124-ab96-c519cdbc582f -53
ffe01111-1111-1111-0000-000000000000 -78
c0c98ea2-fc21-4124-ab96-c519cdbc582f -56
ffe01111-1111-1111-0000-000000000000 -78
c0c98ea2-fc21-4124-ab96-c519cdbc582f -54
ffe01111-1111-1111-0000-000000000000 -79
c0c98ea2-fc21-4124-ab96-c519cdbc582f -51
ffe01111-1111-1111-0000-000000000000 -85
c0c98ea2-fc21-4124-ab96-c519cdbc582f -53
ffe01111-1111-1111-0000-000000000000 -84
c0c98ea2-fc21-4124-ab96-c519cdbc582f -53
ffe01111-1111-1111-0000-000000000000 -79
c0c98ea2-fc21-4124-ab96-c519cdbc582f -56
ffe01111-1111-1111-0000-000000000000 -80
c0c98ea2-fc21-4124-ab96-c519cdbc582f -53
ffe01111-1111-1111-0000-000000000000 -97
c0c98ea2-fc21-4124-ab96-c519cdbc582f -54
c0c98ea2-fc21-4124-ab96-c519cdbc582f -50
ffe01111-1111-1111-0000-000000000000 -78
c0c98ea2-fc21-4124-ab96-c519cdbc582f -52
c0c98ea2-fc21-4124-ab96-c519cdbc582f -54
ffe01111-1111-1111-0000-000000000000 -79
c0c98ea2-fc21-4124-ab96-c519cdbc582f -53
ffe01111-1111-1111-0000-000000000000 -90
c0c98ea2-fc21-4124-ab96-c519cdbc582f -54
ffe01111-1111-1111-0000-000000000000 -78
c0c98ea2-fc21-4124-ab96-c519cdbc582f -57
ffe01111-1111-1111-0000-000000000000 -79
c0c98ea2-fc21-4124-ab96-c519cdbc582f -55
ffe01111-1111-1111-0000-000000000000 -87
c0c98ea2-fc21-4124-ab96-c519cdbc582f -56
ffe01111-1111-1111-0000-000000000000 -79
c0c98ea2-fc21-4124-ab96-c519cdbc582f -55
ffe01111-1111-1111-0000-000000000000 -84
c0c98ea2-fc21-4124-ab96-c519cdbc582f -52
ffe01111-1111-1111-0000-000000000000 -77
c0c98ea2-fc21-4124-ab96-c519cdbc582f -52
ffe01111-1111-1111-0000-000000000000 -77
c0c98ea2-fc21-4124-ab96-c519cdbc582f -56
c0c98ea2-fc21-4124-ab96-c519cdbc582f -55
ffe01111-1111-1111-0000-000000000000 -79
c0c98ea2-fc21-4124-ab96-c519cdbc582f -54
c0c98ea2-fc21-4124-ab96-c519cdbc582f -54
ffe01111-1111-1111-0000-000000000000 -80
c0c98ea2-fc21-4124-ab96-c519cdbc582f -55
ffe01111-1111-1111-0000-000000000000 -77
c0c98ea2-fc21-4124-ab96-c519cdbc582f -56
c0c98ea2-fc21-4124-ab96-c519cdbc582f -51
ffe01111-1111-1111-0000-000000000000 -79
c0c98ea2-fc21-4124-ab96-c519cdbc582f -55
ffe01111-1111-1111-0000-000000000000 -79
c0c98ea2-fc21-4124-ab96-c519cdbc582f -55
ffe01111-1111-1111-0000-000000000000 -78
c0c98ea2-fc21-4124-ab96-c519cdbc582f -55
ffe01111-1111-1111-0000-000000000000 -77
c0c98ea2-fc21-4124-ab96-c519cdbc582f -54
ffe01111-1111-1111-0000-000000000000 -80
average: -53.8
